Performing C SOURCE FILE Test CMAKE_HAVE_LIBC_PTHREAD failed with the following output:
Change Dir: /home/zxj/workspace/obstacle_and_filter/lidar_ws/src/cmake-build-debug/CMakeFiles/CMakeTmp

Run Build Command(s):/usr/bin/make cmTC_84a9e/fast && /usr/bin/make  -f CMakeFiles/cmTC_84a9e.dir/build.make CMakeFiles/cmTC_84a9e.dir/build
make[1]: 进入目录“/home/zxj/workspace/obstacle_and_filter/lidar_ws/src/cmake-build-debug/CMakeFiles/CMakeTmp”
Building C object CMakeFiles/cmTC_84a9e.dir/src.c.o
/usr/bin/gcc -DCMAKE_HAVE_LIBC_PTHREAD   -o CMakeFiles/cmTC_84a9e.dir/src.c.o -c /home/zxj/workspace/obstacle_and_filter/lidar_ws/src/cmake-build-debug/CMakeFiles/CMakeTmp/src.c
Linking C executable cmTC_84a9e
/opt/clion/clion-2021.1.3/bin/cmake/linux/bin/cmake -E cmake_link_script CMakeFiles/cmTC_84a9e.dir/link.txt --verbose=1
/usr/bin/gcc -rdynamic CMakeFiles/cmTC_84a9e.dir/src.c.o -o cmTC_84a9e 
/usr/bin/ld: CMakeFiles/cmTC_84a9e.dir/src.c.o: in function `main':
src.c:(.text+0x46): undefined reference to `pthread_create'
/usr/bin/ld: src.c:(.text+0x52): undefined reference to `pthread_detach'
/usr/bin/ld: src.c:(.text+0x5e): undefined reference to `pthread_cancel'
/usr/bin/ld: src.c:(.text+0x6f): undefined reference to `pthread_join'
collect2: error: ld returned 1 exit status
make[1]: *** [CMakeFiles/cmTC_84a9e.dir/build.make:106：cmTC_84a9e] 错误 1
make[1]: 离开目录“/home/zxj/workspace/obstacle_and_filter/lidar_ws/src/cmake-build-debug/CMakeFiles/CMakeTmp”
make: *** [Makefile:140：cmTC_84a9e/fast] 错误 2


Source file was:
#include <pthread.h>

static void* test_func(void* data)
{
  return data;
}

int main(void)
{
  pthread_t thread;
  pthread_create(&thread, NULL, test_func, NULL);
  pthread_detach(thread);
  pthread_cancel(thread);
  pthread_join(thread, NULL);
  pthread_atfork(NULL, NULL, NULL);
  pthread_exit(NULL);

  return 0;
}

Determining if the function pthread_create exists in the pthreads failed with the following output:
Change Dir: /home/zxj/workspace/obstacle_and_filter/lidar_ws/src/cmake-build-debug/CMakeFiles/CMakeTmp

Run Build Command(s):/usr/bin/make cmTC_79849/fast && /usr/bin/make  -f CMakeFiles/cmTC_79849.dir/build.make CMakeFiles/cmTC_79849.dir/build
make[1]: 进入目录“/home/zxj/workspace/obstacle_and_filter/lidar_ws/src/cmake-build-debug/CMakeFiles/CMakeTmp”
Building C object CMakeFiles/cmTC_79849.dir/CheckFunctionExists.c.o
/usr/bin/gcc   -DCHECK_FUNCTION_EXISTS=pthread_create -o CMakeFiles/cmTC_79849.dir/CheckFunctionExists.c.o -c /opt/clion/clion-2021.1.3/bin/cmake/linux/share/cmake-3.19/Modules/CheckFunctionExists.c
Linking C executable cmTC_79849
/opt/clion/clion-2021.1.3/bin/cmake/linux/bin/cmake -E cmake_link_script CMakeFiles/cmTC_79849.dir/link.txt --verbose=1
/usr/bin/gcc  -DCHECK_FUNCTION_EXISTS=pthread_create -rdynamic CMakeFiles/cmTC_79849.dir/CheckFunctionExists.c.o -o cmTC_79849  -lpthreads 
/usr/bin/ld: 找不到 -lpthreads
collect2: error: ld returned 1 exit status
make[1]: *** [CMakeFiles/cmTC_79849.dir/build.make:106：cmTC_79849] 错误 1
make[1]: 离开目录“/home/zxj/workspace/obstacle_and_filter/lidar_ws/src/cmake-build-debug/CMakeFiles/CMakeTmp”
make: *** [Makefile:140：cmTC_79849/fast] 错误 2



