Performing C SOURCE FILE Test CMAKE_HAVE_LIBC_PTHREAD failed with the following output:
Change Dir: /home/zhengxiaojie/桌面/lidar_ws/build/CMakeFiles/CMakeTmp

Run Build Command(s):/usr/bin/make cmTC_eaa1d/fast && /usr/bin/make -f CMakeFiles/cmTC_eaa1d.dir/build.make CMakeFiles/cmTC_eaa1d.dir/build
make[1]: 进入目录“/home/zhengxiaojie/桌面/lidar_ws/build/CMakeFiles/CMakeTmp”
Building C object CMakeFiles/cmTC_eaa1d.dir/src.c.o
/usr/bin/cc   -DCMAKE_HAVE_LIBC_PTHREAD   -o CMakeFiles/cmTC_eaa1d.dir/src.c.o   -c /home/zhengxiaojie/桌面/lidar_ws/build/CMakeFiles/CMakeTmp/src.c
Linking C executable cmTC_eaa1d
/usr/bin/cmake -E cmake_link_script CMakeFiles/cmTC_eaa1d.dir/link.txt --verbose=1
/usr/bin/cc  -DCMAKE_HAVE_LIBC_PTHREAD    -rdynamic CMakeFiles/cmTC_eaa1d.dir/src.c.o  -o cmTC_eaa1d 
/usr/bin/ld: CMakeFiles/cmTC_eaa1d.dir/src.c.o: in function `main':
src.c:(.text+0x46): undefined reference to `pthread_create'
/usr/bin/ld: src.c:(.text+0x52): undefined reference to `pthread_detach'
/usr/bin/ld: src.c:(.text+0x63): undefined reference to `pthread_join'
collect2: error: ld returned 1 exit status
make[1]: *** [CMakeFiles/cmTC_eaa1d.dir/build.make:87：cmTC_eaa1d] 错误 1
make[1]: 离开目录“/home/zhengxiaojie/桌面/lidar_ws/build/CMakeFiles/CMakeTmp”
make: *** [Makefile:121：cmTC_eaa1d/fast] 错误 2


Source file was:
#include <pthread.h>

void* test_func(void* data)
{
  return data;
}

int main(void)
{
  pthread_t thread;
  pthread_create(&thread, NULL, test_func, NULL);
  pthread_detach(thread);
  pthread_join(thread, NULL);
  pthread_atfork(NULL, NULL, NULL);
  pthread_exit(NULL);

  return 0;
}

Determining if the function pthread_create exists in the pthreads failed with the following output:
Change Dir: /home/zhengxiaojie/桌面/lidar_ws/build/CMakeFiles/CMakeTmp

Run Build Command(s):/usr/bin/make cmTC_8bc0f/fast && /usr/bin/make -f CMakeFiles/cmTC_8bc0f.dir/build.make CMakeFiles/cmTC_8bc0f.dir/build
make[1]: 进入目录“/home/zhengxiaojie/桌面/lidar_ws/build/CMakeFiles/CMakeTmp”
Building C object CMakeFiles/cmTC_8bc0f.dir/CheckFunctionExists.c.o
/usr/bin/cc   -DCHECK_FUNCTION_EXISTS=pthread_create   -o CMakeFiles/cmTC_8bc0f.dir/CheckFunctionExists.c.o   -c /usr/share/cmake-3.16/Modules/CheckFunctionExists.c
Linking C executable cmTC_8bc0f
/usr/bin/cmake -E cmake_link_script CMakeFiles/cmTC_8bc0f.dir/link.txt --verbose=1
/usr/bin/cc  -DCHECK_FUNCTION_EXISTS=pthread_create    -rdynamic CMakeFiles/cmTC_8bc0f.dir/CheckFunctionExists.c.o  -o cmTC_8bc0f  -lpthreads 
/usr/bin/ld: 找不到 -lpthreads
collect2: error: ld returned 1 exit status
make[1]: *** [CMakeFiles/cmTC_8bc0f.dir/build.make:87：cmTC_8bc0f] 错误 1
make[1]: 离开目录“/home/zhengxiaojie/桌面/lidar_ws/build/CMakeFiles/CMakeTmp”
make: *** [Makefile:121：cmTC_8bc0f/fast] 错误 2



Performing C SOURCE FILE Test CMAKE_HAVE_LIBC_PTHREAD failed with the following output:
Change Dir: /home/zxj/桌面/lidar_ws/build/CMakeFiles/CMakeTmp

Run Build Command(s):/usr/bin/make cmTC_79670/fast && /usr/bin/make -f CMakeFiles/cmTC_79670.dir/build.make CMakeFiles/cmTC_79670.dir/build
make[1]: 进入目录“/home/zxj/桌面/lidar_ws/build/CMakeFiles/CMakeTmp”
Building C object CMakeFiles/cmTC_79670.dir/src.c.o
/usr/bin/cc   -DCMAKE_HAVE_LIBC_PTHREAD   -o CMakeFiles/cmTC_79670.dir/src.c.o   -c /home/zxj/桌面/lidar_ws/build/CMakeFiles/CMakeTmp/src.c
Linking C executable cmTC_79670
/usr/bin/cmake -E cmake_link_script CMakeFiles/cmTC_79670.dir/link.txt --verbose=1
/usr/bin/cc  -DCMAKE_HAVE_LIBC_PTHREAD    -rdynamic CMakeFiles/cmTC_79670.dir/src.c.o  -o cmTC_79670 
/usr/bin/ld: CMakeFiles/cmTC_79670.dir/src.c.o: in function `main':
src.c:(.text+0x46): undefined reference to `pthread_create'
/usr/bin/ld: src.c:(.text+0x52): undefined reference to `pthread_detach'
/usr/bin/ld: src.c:(.text+0x63): undefined reference to `pthread_join'
collect2: error: ld returned 1 exit status
make[1]: *** [CMakeFiles/cmTC_79670.dir/build.make:87：cmTC_79670] 错误 1
make[1]: 离开目录“/home/zxj/桌面/lidar_ws/build/CMakeFiles/CMakeTmp”
make: *** [Makefile:121：cmTC_79670/fast] 错误 2


Source file was:
#include <pthread.h>

void* test_func(void* data)
{
  return data;
}

int main(void)
{
  pthread_t thread;
  pthread_create(&thread, NULL, test_func, NULL);
  pthread_detach(thread);
  pthread_join(thread, NULL);
  pthread_atfork(NULL, NULL, NULL);
  pthread_exit(NULL);

  return 0;
}

Determining if the function pthread_create exists in the pthreads failed with the following output:
Change Dir: /home/zxj/桌面/lidar_ws/build/CMakeFiles/CMakeTmp

Run Build Command(s):/usr/bin/make cmTC_029f6/fast && /usr/bin/make -f CMakeFiles/cmTC_029f6.dir/build.make CMakeFiles/cmTC_029f6.dir/build
make[1]: 进入目录“/home/zxj/桌面/lidar_ws/build/CMakeFiles/CMakeTmp”
Building C object CMakeFiles/cmTC_029f6.dir/CheckFunctionExists.c.o
/usr/bin/cc   -DCHECK_FUNCTION_EXISTS=pthread_create   -o CMakeFiles/cmTC_029f6.dir/CheckFunctionExists.c.o   -c /usr/share/cmake-3.16/Modules/CheckFunctionExists.c
Linking C executable cmTC_029f6
/usr/bin/cmake -E cmake_link_script CMakeFiles/cmTC_029f6.dir/link.txt --verbose=1
/usr/bin/cc  -DCHECK_FUNCTION_EXISTS=pthread_create    -rdynamic CMakeFiles/cmTC_029f6.dir/CheckFunctionExists.c.o  -o cmTC_029f6  -lpthreads 
/usr/bin/ld: 找不到 -lpthreads
collect2: error: ld returned 1 exit status
make[1]: *** [CMakeFiles/cmTC_029f6.dir/build.make:87：cmTC_029f6] 错误 1
make[1]: 离开目录“/home/zxj/桌面/lidar_ws/build/CMakeFiles/CMakeTmp”
make: *** [Makefile:121：cmTC_029f6/fast] 错误 2



